[demo.softhopper.studio/selfer/index.html]
[backblue.gif]
[fade.gif]
[index.html]
[demo.softhopper.studio/selfer/wp-content/plugins/elementor/assets/lib/font-awesome/webfonts/fa-solid-900.html]
[demo.softhopper.studio/selfer/wp-content/plugins/elementor/assets/lib/font-awesome/webfonts/fa-brands-400.html]
[demo.softhopper.studio/selfer/wp-includes/css/dist/block-library/theme.min.css]
[demo.softhopper.studio/selfer/wp-content/plugins/contact-form-7/includes/css/styles.css]
[demo.softhopper.studio/selfer/wp-content/themes/selfer/assets/bootstrap/css/bootstrap.min.css]
[demo.softhopper.studio/selfer/wp-content/themes/selfer/assets/font-awesome/css/fontawesome-all.min.css]
[demo.softhopper.studio/selfer/wp-content/themes/selfer/assets/css/magnific-popup.css]
[demo.softhopper.studio/selfer/wp-content/themes/selfer/assets/css/odometer-theme-default.css]
[demo.softhopper.studio/selfer/feed/index.html]
[demo.softhopper.studio/selfer/wp-content/themes/selfer/assets/css/owl.carousel.min.css]
[demo.softhopper.studio/selfer/wp-content/themes/selfer/assets/css/blogs.css]
[demo.softhopper.studio/selfer/wp-content/themes/selfer/assets/css/style.css]
[demo.softhopper.studio/selfer/wp-content/themes/selfer/style.css]
[demo.softhopper.studio/selfer/wp-content/plugins/elementor/assets/lib/animations/animations.min.css]
[demo.softhopper.studio/selfer/comments/feed/index.html]
[demo.softhopper.studio/selfer/wp-content/plugins/elementor/assets/css/frontend-legacy.min.css]
[demo.softhopper.studio/selfer/wp-content/plugins/elementor/assets/css/frontend.min.css]
[i0.wp.com/demo.softhopper.studio/selfer/wp-content/uploads/sites/20/2018/10/bg-hero.jpg]
[i0.wp.com/demo.softhopper.studio/selfer/wp-content/uploads/sites/20/2018/10/bg-man-wall.jpg]
[demo.softhopper.studio/selfer/wp-content/plugins/selfer-core/elementor/assets/css/nav-menu.css]
[demo.softhopper.studio/selfer/wp-content/plugins/elementor/assets/lib/font-awesome/css/all.min.css]
[demo.softhopper.studio/selfer/wp-content/plugins/elementor/assets/lib/font-awesome/css/v4-shims.min.css]
[demo.softhopper.studio/selfer/wp-content/plugins/elementor/assets/lib/font-awesome/css/fontawesome.min.css]
[demo.softhopper.studio/selfer/wp-content/plugins/elementor/assets/lib/font-awesome/css/brands.min.css]
[demo.softhopper.studio/selfer/wp-content/plugins/elementor/assets/lib/font-awesome/css/solid.min.css]
[demo.softhopper.studio/selfer/wp-content/plugins/jquery-updater/js/jquery-3.5.1.min.js]
[demo.softhopper.studio/selfer/wp-content/plugins/jquery-updater/js/jquery-migrate-3.3.0.min.js]
[demo.softhopper.studio/selfer/wp-content/themes/selfer/assets/js/custom.hero.js]
[demo.softhopper.studio/selfer/wp-content/plugins/elementor/assets/lib/font-awesome/js/v4-shims.min.js]
[demo.softhopper.studio/selfer/wp-json/index.html]
[demo.softhopper.studio/selfer/wp-json/wp/v2/pages/4.json]
[demo.softhopper.studio/selfer/xmlrpc0db0.php]
[demo.softhopper.studio/selfer/wp-includes/wlwmanifest.xml]
[i0.wp.com/demo.softhopper.studio/selfer/wp-content/uploads/sites/20/2018/10/cropped-logo-1.png]
[demo.softhopper.studio/selfer/404]
[demo.softhopper.studio/selfer/blog/index.html]
[i0.wp.com/demo.softhopper.studio/selfer/wp-content/uploads/sites/20/2018/10/icon-brushes.png]
[i0.wp.com/demo.softhopper.studio/selfer/wp-content/uploads/sites/20/2018/10/icon-camera.png]
[demo.softhopper.studio/selfer/2018/10/22/the-shocking-revelation-of-portfolio/index.html]
[i0.wp.com/demo.softhopper.studio/selfer/wp-content/uploads/sites/20/2018/10/icon-video.png]
[i0.wp.com/demo.softhopper.studio/selfer/wp-content/uploads/sites/20/2018/10/icon-pencil.png]
[i0.wp.com/demo.softhopper.studio/selfer/wp-content/uploads/sites/20/2018/10/icon-lcd.png]
[i0.wp.com/demo.softhopper.studio/selfer/wp-content/uploads/sites/20/2018/10/icon-phone.png]
[i0.wp.com/demo.softhopper.studio/selfer/wp-content/uploads/sites/20/2018/10/img-man-looking.jpg]
[i0.wp.com/demo.softhopper.studio/selfer/wp-content/uploads/sites/20/2018/10/img-work-01.png]
[i0.wp.com/demo.softhopper.studio/selfer/wp-content/uploads/sites/20/2018/10/img-work-01-360x289.png]
[i0.wp.com/demo.softhopper.studio/selfer/wp-content/uploads/sites/20/2018/10/img-work-02.png]
[i0.wp.com/demo.softhopper.studio/selfer/wp-content/uploads/sites/20/2018/10/img-work-02-360x385.png]
[i0.wp.com/demo.softhopper.studio/selfer/wp-content/uploads/sites/20/2018/10/img-work-03.png]
[i0.wp.com/demo.softhopper.studio/selfer/wp-content/uploads/sites/20/2018/10/img-work-03-360x289.png]
[i0.wp.com/demo.softhopper.studio/selfer/wp-content/uploads/sites/20/2018/10/img-work-04.png]
[i0.wp.com/demo.softhopper.studio/selfer/wp-content/uploads/sites/20/2018/10/img-work-04-360x490.png]
[i0.wp.com/demo.softhopper.studio/selfer/wp-content/uploads/sites/20/2018/10/img-work-05.png]
[i0.wp.com/demo.softhopper.studio/selfer/wp-content/uploads/sites/20/2018/10/img-work-05-360x490.png]
[i0.wp.com/demo.softhopper.studio/selfer/wp-content/uploads/sites/20/2018/10/img-work-06.png]
[i0.wp.com/demo.softhopper.studio/selfer/wp-content/uploads/sites/20/2018/10/img-work-06-360x385.png]
[i0.wp.com/demo.softhopper.studio/selfer/wp-content/uploads/sites/20/2018/10/img-work-07.png]
[i0.wp.com/demo.softhopper.studio/selfer/wp-content/uploads/sites/20/2018/10/img-work-07-360x252.png]
[i0.wp.com/demo.softhopper.studio/selfer/wp-content/uploads/sites/20/2018/10/img-work-08.png]
[i0.wp.com/demo.softhopper.studio/selfer/wp-content/uploads/sites/20/2018/10/img-work-08-360x490.png]
[i0.wp.com/demo.softhopper.studio/selfer/wp-content/uploads/sites/20/2018/10/img-work-10.png]
[i0.wp.com/demo.softhopper.studio/selfer/wp-content/uploads/sites/20/2018/10/img-work-10-360x385.png]
[i0.wp.com/demo.softhopper.studio/selfer/wp-content/uploads/sites/20/2018/10/img-work-11.png]
[i0.wp.com/demo.softhopper.studio/selfer/wp-content/uploads/sites/20/2018/10/img-work-11-360x490.png]
[i0.wp.com/demo.softhopper.studio/selfer/wp-content/uploads/sites/20/2018/10/img-work-09.png]
[i0.wp.com/demo.softhopper.studio/selfer/wp-content/uploads/sites/20/2018/10/img-work-09-360x289.png]
[i0.wp.com/demo.softhopper.studio/selfer/wp-content/uploads/sites/20/2018/10/person-02.jpg]
[i0.wp.com/demo.softhopper.studio/selfer/wp-content/uploads/sites/20/2018/10/person.jpg]
[i0.wp.com/demo.softhopper.studio/selfer/wp-content/uploads/sites/20/2018/10/logo-01-w.png]
[i0.wp.com/demo.softhopper.studio/selfer/wp-content/uploads/sites/20/2018/10/logo-02-w.png]
[i0.wp.com/demo.softhopper.studio/selfer/wp-content/uploads/sites/20/2018/10/logo-03-w.png]
[i0.wp.com/demo.softhopper.studio/selfer/wp-content/uploads/sites/20/2018/10/logo-04-w.png]
[i0.wp.com/demo.softhopper.studio/selfer/wp-content/uploads/sites/20/2018/10/logo-05-w.png]
[i0.wp.com/demo.softhopper.studio/selfer/wp-content/uploads/sites/20/2018/10/icon-pin.png]
[i0.wp.com/demo.softhopper.studio/selfer/wp-content/uploads/sites/20/2018/10/icon-phone-02.png]
[i0.wp.com/demo.softhopper.studio/selfer/wp-content/uploads/sites/20/2018/10/icon-envelope.png]
[i0.wp.com/demo.softhopper.studio/selfer/wp-content/uploads/sites/20/2018/10/icon-talk-bubble.png]
[demo.softhopper.studio/selfer/wp-content/plugins/selfer-core/elementor/assets/js/front-end-widget.js]
[demo.softhopper.studio/selfer/wp-content/plugins/contact-form-7/includes/js/scripts.js]
[demo.softhopper.studio/selfer/wp-content/themes/selfer/assets/js/popper.min.js]
[demo.softhopper.studio/selfer/wp-content/themes/selfer/assets/bootstrap/js/bootstrap.min.js]
[demo.softhopper.studio/selfer/wp-includes/js/imagesloaded.min.js]
[demo.softhopper.studio/selfer/wp-content/themes/selfer/assets/js/isotope.pkgd.min.js]
[demo.softhopper.studio/selfer/wp-content/themes/selfer/assets/js/isInViewport.jquery.js]
[demo.softhopper.studio/selfer/wp-content/themes/selfer/assets/js/jquery.magnific-popup.min.js]
[demo.softhopper.studio/selfer/wp-content/themes/selfer/assets/js/scrolla.jquery.min.js]
[demo.softhopper.studio/selfer/wp-content/themes/selfer/assets/js/odometer.min.js]
[demo.softhopper.studio/selfer/wp-content/themes/selfer/assets/js/jquery.fitvids.js]
[demo.softhopper.studio/selfer/wp-content/themes/selfer/assets/js/owl.carousel.min.js]
[demo.softhopper.studio/selfer/wp-content/themes/selfer/assets/js/custom.js]
[demo.softhopper.studio/selfer/wp-content/themes/selfer/assets/custom/custom.js]
[demo.softhopper.studio/selfer/wp-content/plugins/elementor/assets/js/frontend-modules.min.js]
[demo.softhopper.studio/selfer/wp-includes/js/jquery/ui/position.min.js]
[demo.softhopper.studio/selfer/wp-content/plugins/elementor/assets/lib/dialog/dialog.min.js]
[demo.softhopper.studio/selfer/wp-content/plugins/elementor/assets/lib/waypoints/waypoints.min.js]
[demo.softhopper.studio/selfer/wp-content/plugins/elementor/assets/lib/swiper/swiper.min.js]
[demo.softhopper.studio/selfer/wp-content/plugins/elementor/assets/lib/share-link/share-link.min.js]
[demo.softhopper.studio/selfer/index.html]
[demo.softhopper.studio/selfer/wp-content/plugins/elementor/assets/lib/font-awesome/webfonts/fa-solid-900.html]
[demo.softhopper.studio/selfer/wp-content/plugins/elementor/assets/lib/font-awesome/webfonts/fa-brands-400.html]
[demo.softhopper.studio/selfer/wp-includes/css/dist/block-library/theme.min.css]
[demo.softhopper.studio/selfer/wp-content/plugins/elementor/assets/js/frontend.min.js]
[demo.softhopper.studio/selfer/wp-content/plugins/contact-form-7/assets/ajax-loader.gif]
[demo.softhopper.studio/selfer/wp-content/plugins/contact-form-7/includes/css/styles.css]
[demo.softhopper.studio/selfer/wp-content/themes/selfer/assets/bootstrap/css/bootstrap.min.css]
[demo.softhopper.studio/selfer/wp-content/themes/selfer/assets/font-awesome/webfonts/fa-brands-400.eot]
[demo.softhopper.studio/selfer/wp-content/themes/selfer/assets/font-awesome/webfonts/fa-brands-400d41d.eot]
[demo.softhopper.studio/selfer/wp-content/themes/selfer/assets/font-awesome/webfonts/fa-brands-400.html]
[demo.softhopper.studio/selfer/wp-content/themes/selfer/assets/font-awesome/webfonts/fa-brands-400.woff]
[demo.softhopper.studio/selfer/wp-content/themes/selfer/assets/font-awesome/webfonts/fa-brands-400.ttf]
[demo.softhopper.studio/selfer/wp-content/themes/selfer/assets/font-awesome/webfonts/fa-brands-400.svg]
[demo.softhopper.studio/selfer/wp-content/themes/selfer/assets/font-awesome/webfonts/fa-regular-400.eot]
[demo.softhopper.studio/selfer/wp-content/themes/selfer/assets/font-awesome/webfonts/fa-regular-400d41d.eot]
[demo.softhopper.studio/selfer/wp-content/themes/selfer/assets/font-awesome/webfonts/fa-regular-400.html]
[demo.softhopper.studio/selfer/wp-content/themes/selfer/assets/font-awesome/webfonts/fa-regular-400.woff]
[demo.softhopper.studio/selfer/wp-content/themes/selfer/assets/font-awesome/webfonts/fa-regular-400.ttf]
[demo.softhopper.studio/selfer/wp-content/themes/selfer/assets/font-awesome/webfonts/fa-regular-400.svg]
[demo.softhopper.studio/selfer/wp-content/themes/selfer/assets/font-awesome/webfonts/fa-solid-900.eot]
[demo.softhopper.studio/selfer/wp-content/themes/selfer/assets/font-awesome/webfonts/fa-solid-900d41d.eot]
[demo.softhopper.studio/selfer/wp-content/themes/selfer/assets/font-awesome/webfonts/fa-solid-900.html]
[demo.softhopper.studio/selfer/wp-content/themes/selfer/assets/font-awesome/webfonts/fa-solid-900.woff]
[demo.softhopper.studio/selfer/wp-content/themes/selfer/assets/font-awesome/webfonts/fa-solid-900.ttf]
[demo.softhopper.studio/selfer/wp-content/themes/selfer/assets/font-awesome/css/fontawesome-all.min.css]
[demo.softhopper.studio/selfer/wp-content/themes/selfer/assets/css/magnific-popup.css]
[demo.softhopper.studio/selfer/wp-content/themes/selfer/assets/css/odometer-theme-default.css]
[demo.softhopper.studio/selfer/wp-content/themes/selfer/assets/font-awesome/webfonts/fa-solid-900.svg]
[demo.softhopper.studio/selfer/wp-content/themes/selfer/assets/css/owl.carousel.min.css]
[demo.softhopper.studio/selfer/wp-content/themes/selfer/assets/css/blogs.css]
[demo.softhopper.studio/selfer/wp-content/themes/selfer/assets/css/style.css]
[demo.softhopper.studio/selfer/wp-content/themes/selfer/style.css]
[demo.softhopper.studio/selfer/wp-content/plugins/elementor/assets/lib/animations/animations.min.css]
[demo.softhopper.studio/selfer/wp-content/plugins/elementor/assets/css/frontend-legacy.min.css]
[demo.softhopper.studio/selfer/wp-content/plugins/elementor/assets/css/frontend.min.css]
[demo.softhopper.studio/selfer/wp-content/plugins/selfer-core/elementor/assets/css/nav-menu.css]
[demo.softhopper.studio/selfer/wp-content/themes/selfer/assets/css/owl.video.play.png]
[demo.softhopper.studio/selfer/wp-content/plugins/elementor/assets/lib/font-awesome/webfonts/fa-brands-400.eot]
[demo.softhopper.studio/selfer/wp-content/plugins/elementor/assets/lib/font-awesome/webfonts/fa-brands-400d41d.eot]
[demo.softhopper.studio/selfer/wp-content/plugins/elementor/assets/lib/font-awesome/webfonts/fa-brands-400.woff]
[demo.softhopper.studio/selfer/wp-content/plugins/elementor/assets/lib/font-awesome/webfonts/fa-brands-400.ttf]
[demo.softhopper.studio/selfer/wp-content/plugins/elementor/assets/lib/font-awesome/webfonts/fa-brands-400.svg]
[demo.softhopper.studio/selfer/wp-content/plugins/elementor/assets/lib/font-awesome/webfonts/fa-regular-400.eot]
[demo.softhopper.studio/selfer/wp-content/plugins/elementor/assets/lib/font-awesome/webfonts/fa-regular-400d41d.eot]
[demo.softhopper.studio/selfer/wp-content/plugins/elementor/assets/lib/font-awesome/webfonts/fa-regular-400.html]
[demo.softhopper.studio/selfer/wp-content/plugins/elementor/assets/lib/font-awesome/webfonts/fa-regular-400.woff]
[demo.softhopper.studio/selfer/wp-content/plugins/elementor/assets/lib/font-awesome/webfonts/fa-regular-400.ttf]
[demo.softhopper.studio/selfer/wp-content/plugins/elementor/assets/lib/font-awesome/webfonts/fa-regular-400.svg]
[demo.softhopper.studio/selfer/wp-content/plugins/elementor/assets/lib/font-awesome/webfonts/fa-solid-900.eot]
[demo.softhopper.studio/selfer/wp-content/plugins/elementor/assets/lib/font-awesome/webfonts/fa-solid-900d41d.eot]
[demo.softhopper.studio/selfer/wp-content/plugins/elementor/assets/lib/font-awesome/webfonts/fa-solid-900.woff]
[demo.softhopper.studio/selfer/wp-content/plugins/elementor/assets/lib/font-awesome/webfonts/fa-solid-900.ttf]
[demo.softhopper.studio/selfer/wp-content/plugins/elementor/assets/lib/font-awesome/css/all.min.css]
[demo.softhopper.studio/selfer/wp-content/plugins/elementor/assets/lib/font-awesome/css/v4-shims.min.css]
[demo.softhopper.studio/selfer/wp-content/plugins/elementor/assets/lib/font-awesome/css/fontawesome.min.css]
[demo.softhopper.studio/selfer/wp-content/plugins/elementor/assets/lib/font-awesome/css/brands.min.css]
[demo.softhopper.studio/selfer/wp-content/plugins/elementor/assets/lib/font-awesome/css/solid.min.css]
[demo.softhopper.studio/selfer/wp-content/plugins/elementor/assets/lib/font-awesome/webfonts/fa-solid-900.svg]
[i0.wp.com/demo.softhopper.studio/selfer/wp-content/uploads/sites/20/2018/10/selfer-gif.gif]
[demo.softhopper.studio/selfer/2018/10/22/ten-secrets-you-will-not-want-to-know/index.html]
[i0.wp.com/demo.softhopper.studio/selfer/wp-content/uploads/sites/20/2018/10/photo-men-700x450.jpg]
[demo.softhopper.studio/selfer/2018/10/22/at-least-once-in-your-lifetime-and-heres/index.html]
[i0.wp.com/demo.softhopper.studio/selfer/wp-content/uploads/sites/20/2018/10/photo-microphone-700x450.jpg]
[demo.softhopper.studio/selfer/blog/page/2/index.html]
[i0.wp.com/demo.softhopper.studio/selfer/wp-content/uploads/sites/20/2018/10/ads-widgets.jpg]
[demo.softhopper.studio/selfer/category/creative-works/index.html]
[demo.softhopper.studio/selfer/category/coding/index.html]
[i0.wp.com/demo.softhopper.studio/selfer/wp-content/uploads/sites/20/2018/10/img-man-looking-150x150.jpg]
[demo.softhopper.studio/selfer/home/img-man-looking/index.html]
[demo.softhopper.studio/selfer/category/web-design/index.html]
[demo.softhopper.studio/selfer/category/ui-ux/index.html]
[demo.softhopper.studio/selfer/2018/10/22/at-least-once-in-your-lifetime-and-heres/photo-microphone/index.html]
[i0.wp.com/demo.softhopper.studio/selfer/wp-content/uploads/sites/20/2018/10/photo-microphone-150x150.jpg]
[demo.softhopper.studio/selfer/2018/10/22/ten-secrets-you-will-not-want-to-know/photo-men/index.html]
[i0.wp.com/demo.softhopper.studio/selfer/wp-content/uploads/sites/20/2018/10/photo-men-150x150.jpg]
[demo.softhopper.studio/selfer/2018/10/21/going-to-change-your-business-strategies/blog-3/index.html]
[i0.wp.com/demo.softhopper.studio/selfer/wp-content/uploads/sites/20/2018/10/blog-3-150x150.jpg]
[demo.softhopper.studio/selfer/blog/index.html]
[demo.softhopper.studio/selfer/tag/coding/index.html]
[demo.softhopper.studio/selfer/tag/application/index.html]
[demo.softhopper.studio/selfer/tag/app-design/index.html]
[demo.softhopper.studio/selfer/xmlrpc.89.delayed]
[demo.softhopper.studio/selfer/wp-json/wp/v2/posts/93.json]
[demo.softhopper.studio/selfer/2018/10/22/the-shocking-revelation-of-portfolio/index.html]
[demo.softhopper.studio/selfer/wp-includes/js/comment-reply.min.js]
[demo.softhopper.studio/selfer/404.html]
[demo.softhopper.studio/selfer/2018/10/22/the-shocking-revelation-of-portfolio/feed/index.html]
[demo.softhopper.studio/selfer/wp-content/themes/selfer/assets/font-awesome/webfonts/fa-brands-400.html]
[demo.softhopper.studio/selfer/wp-content/themes/selfer/assets/font-awesome/webfonts/fa-brands-400.svg]
[demo.softhopper.studio/selfer/wp-content/themes/selfer/assets/font-awesome/webfonts/fa-regular-400.html]
[demo.softhopper.studio/selfer/wp-content/themes/selfer/assets/font-awesome/webfonts/fa-regular-400.svg]
[demo.softhopper.studio/selfer/wp-content/themes/selfer/assets/font-awesome/webfonts/fa-solid-900.html]
[demo.softhopper.studio/selfer/wp-content/themes/selfer/assets/font-awesome/webfonts/fa-solid-900.svg]
[demo.softhopper.studio/selfer/wp-content/plugins/elementor/assets/lib/font-awesome/webfonts/fa-brands-400.svg]
[demo.softhopper.studio/selfer/wp-content/plugins/elementor/assets/lib/font-awesome/webfonts/fa-regular-400.html]
[demo.softhopper.studio/selfer/wp-content/plugins/elementor/assets/lib/font-awesome/webfonts/fa-regular-400.svg]
[demo.softhopper.studio/selfer/2018/10/22/the-shocking-revelation-of-portfolio/index3094.html]
[demo.softhopper.studio/selfer/2018/10/22/the-shocking-revelation-of-portfolio/index0e22.html]
[demo.softhopper.studio/selfer/wp-content/plugins/elementor/assets/lib/font-awesome/webfonts/fa-solid-900.svg]
[demo.softhopper.studio/selfer/wp-json/wp/v2/posts/92.json]
[demo.softhopper.studio/selfer/2018/10/22/ten-secrets-you-will-not-want-to-know/feed/index.html]
[i0.wp.com/demo.softhopper.studio/selfer/wp-content/uploads/sites/20/2018/10/photo-men.jpg]
[demo.softhopper.studio/selfer/2018/10/22/ten-secrets-you-will-not-want-to-know/index.html]
[demo.softhopper.studio/selfer/wp-json/wp/v2/posts/91.json]
[demo.softhopper.studio/selfer/2018/10/22/at-least-once-in-your-lifetime-and-heres/feed/index.html]
[demo.softhopper.studio/selfer/2018/10/21/going-to-change-your-business-strategies/index.html]
[i0.wp.com/demo.softhopper.studio/selfer/wp-content/uploads/sites/20/2018/10/photo-microphone.jpg]
[demo.softhopper.studio/selfer/2018/10/22/at-least-once-in-your-lifetime-and-heres/index.html]
[i0.wp.com/demo.softhopper.studio/selfer/wp-content/uploads/sites/20/2018/10/blog-3-700x450.jpg]
[demo.softhopper.studio/selfer/blog/page/2/index.html]
[demo.softhopper.studio/selfer/wp-json/wp/v2/categories/10.json]
[demo.softhopper.studio/selfer/category/coding/index.html]
[demo.softhopper.studio/selfer/category/coding/feed/index.html]
[demo.softhopper.studio/selfer/category/creative-works/feed/index.html]
[demo.softhopper.studio/selfer/wp-json/wp/v2/categories/16.json]
[demo.softhopper.studio/selfer/category/creative-works/index.html]
[demo.softhopper.studio/selfer/wp-json/wp/v2/categories/11.json]
[demo.softhopper.studio/selfer/category/ui-ux/index.html]
[demo.softhopper.studio/selfer/category/ui-ux/feed/index.html]
[demo.softhopper.studio/selfer/wp-json/wp/v2/categories/15.json]
[demo.softhopper.studio/selfer/category/web-design/index.html]
[demo.softhopper.studio/selfer/category/web-design/feed/index.html]
[demo.softhopper.studio/selfer/wp-json/wp/v2/media/32.json]
[demo.softhopper.studio/selfer/home/img-man-looking/feed/index.html]
[i0.wp.com/demo.softhopper.studio/selfer/wp-content/uploads/sites/20/2018/10/img-man-looking-260x300.jpg]
[demo.softhopper.studio/selfer/home/img-man-looking/index.html]
[demo.softhopper.studio/selfer/2018/10/22/at-least-once-in-your-lifetime-and-heres/photo-microphone/feed/index.html]
[demo.softhopper.studio/selfer/wp-json/wp/v2/media/109.json]
[i0.wp.com/demo.softhopper.studio/selfer/wp-content/uploads/sites/20/2018/10/photo-microphone-300x200.jpg]
[demo.softhopper.studio/selfer/2018/10/22/at-least-once-in-your-lifetime-and-heres/photo-microphone/index.html]
[demo.softhopper.studio/selfer/wp-json/wp/v2/media/108.json]
[demo.softhopper.studio/selfer/2018/10/22/ten-secrets-you-will-not-want-to-know/photo-men/feed/index.html]
[i0.wp.com/demo.softhopper.studio/selfer/wp-content/uploads/sites/20/2018/10/photo-men-300x226.jpg]
[demo.softhopper.studio/selfer/2018/10/22/ten-secrets-you-will-not-want-to-know/photo-men/index.html]
[demo.softhopper.studio/selfer/wp-json/wp/v2/media/90.json]
[demo.softhopper.studio/selfer/2018/10/21/going-to-change-your-business-strategies/blog-3/feed/index.html]
[i0.wp.com/demo.softhopper.studio/selfer/wp-content/uploads/sites/20/2018/10/blog-3.jpg]
[i0.wp.com/demo.softhopper.studio/selfer/wp-content/uploads/sites/20/2018/10/blog-3-300x215.jpg]
[demo.softhopper.studio/selfer/2018/10/21/going-to-change-your-business-strategies/blog-3/index.html]
[demo.softhopper.studio/selfer/wp-json/wp/v2/tags/13.json]
[demo.softhopper.studio/selfer/tag/app-design/index.html]
[demo.softhopper.studio/selfer/tag/app-design/feed/index.html]
[demo.softhopper.studio/selfer/tag/app-design/page/2/index.html]
[demo.softhopper.studio/selfer/wp-json/wp/v2/tags/12.json]
[demo.softhopper.studio/selfer/tag/application/index.html]
[demo.softhopper.studio/selfer/tag/application/feed/index.html]
[demo.softhopper.studio/selfer/wp-json/wp/v2/tags/14.json]
[demo.softhopper.studio/selfer/tag/coding/index.html]
[demo.softhopper.studio/selfer/xmlrpc.php]
[demo.softhopper.studio/selfer/index36d4.html]
[demo.softhopper.studio/selfer/tag/coding/feed/index.html]
[demo.softhopper.studio/selfer/tag/application/page/2/index.html]
[demo.softhopper.studio/selfer/wp-content/uploads/sites/20/2018/10/cropped-logo-1.png]
[demo.softhopper.studio/selfer/2018/10/22/the-shocking-revelation-of-portfolio/index0e22.html]
[demo.softhopper.studio/selfer/2018/10/22/the-shocking-revelation-of-portfolio/index3094.html]
[demo.softhopper.studio/selfer/index8e15.html]
[demo.softhopper.studio/selfer/tag/coding/page/2/index.html]
[demo.softhopper.studio/selfer/2018/10/21/going-to-change-your-business-strategies/index.html]
[demo.softhopper.studio/selfer/wp-json/wp/v2/posts/1.json]
[demo.softhopper.studio/selfer/index5cfa.html]
[demo.softhopper.studio/selfer/index6c46.html]
[demo.softhopper.studio/selfer/indexe887.html]
[demo.softhopper.studio/selfer/index460d.html]
[demo.softhopper.studio/selfer/indexeffd.html]
[demo.softhopper.studio/selfer/tag/app-design/page/2/index.html]
[demo.softhopper.studio/selfer/tag/application/page/2/index.html]
[demo.softhopper.studio/selfer/tag/coding/page/2/index.html]
[demo.softhopper.studio/selfer/2018/10/21/going-to-change-your-business-strategies/feed/index.html]
[demo.softhopper.studio/selfer/wp-content/uploads/sites/20/2018/10/selfer-gif.gif]
[demo.softhopper.studio/selfer/indexcff1.html]
